<?xml version="1.0" encoding="UTF-8" ?>
<testsuite tests="1" failures="0" name="com.briup.bigdata.search3.AppTest" time="0.003" errors="0" skipped="0">
  <properties>
    <property name="java.runtime.name" value="Java(TM) SE Runtime Environment"/>
    <property name="sun.boot.library.path" value="E:\briup\2_java_1.8_172\jre\bin"/>
    <property name="java.vm.version" value="25.172-b11"/>
    <property name="java.vm.vendor" value="Oracle Corporation"/>
    <property name="maven.multiModuleProjectDirectory" value="E:\briup\item\workspace\search3"/>
    <property name="java.vendor.url" value="http://java.oracle.com/"/>
    <property name="path.separator" value=";"/>
    <property name="guice.disable.misplaced.annotation.check" value="true"/>
    <property name="java.vm.name" value="Java HotSpot(TM) 64-Bit Server VM"/>
    <property name="file.encoding.pkg" value="sun.io"/>
    <property name="user.script" value=""/>
    <property name="user.country" value="CN"/>
    <property name="sun.java.launcher" value="SUN_STANDARD"/>
    <property name="sun.os.patch.level" value=""/>
    <property name="java.vm.specification.name" value="Java Virtual Machine Specification"/>
    <property name="user.dir" value="E:\briup\item\workspace\search3"/>
    <property name="java.runtime.version" value="1.8.0_172-b11"/>
    <property name="java.awt.graphicsenv" value="sun.awt.Win32GraphicsEnvironment"/>
    <property name="java.endorsed.dirs" value="E:\briup\2_java_1.8_172\jre\lib\endorsed"/>
    <property name="os.arch" value="amd64"/>
    <property name="java.io.tmpdir" value="C:\Users\雷旭\AppData\Local\Temp\"/>
    <property name="line.separator" value="
"/>
    <property name="java.vm.specification.vendor" value="Oracle Corporation"/>
    <property name="user.variant" value=""/>
    <property name="os.name" value="Windows 10"/>
    <property name="classworlds.conf" value="E:\briup\item\workspace\.metadata\.plugins\org.eclipse.m2e.launching\launches\m2conf3258273390967122311.tmp"/>
    <property name="sun.jnu.encoding" value="GBK"/>
    <property name="java.library.path" value="E:\briup\2_java_1.8_172\bin;C:\WINDOWS\Sun\Java\bin;C:\WINDOWS\system32;C:\WINDOWS;E:/briup/2_java_1.8_172/bin/../jre/bin/server;E:/briup/2_java_1.8_172/bin/../jre/bin;E:/briup/2_java_1.8_172/bin/../jre/lib/amd64;E:\briup\2_java_1.8_172\bin;E:\briup\item\scala-2.12.8\bin;C:\WINDOWS\system32;C:\WINDOWS;C:\WINDOWS\System32\Wbem;C:\WINDOWS\System32\WindowsPowerShell\v1.0\;D:\java\bin;C:\Program Files (x86)\NVIDIA Corporation\PhysX\Common;E:\briup\item\svn\svn_server\bin;E:\briup\item\svn\svn_client\bin;E:\briup\item\MySQL\bin;E:\briup\item\MySQL5.5\bin;E:\bigDatatest\hadoop-3.0.3\bin;E:\bigDatatest\hadoop-3.0.3\sbin;C:\Users\雷旭\AppData\Local\Microsoft\WindowsApps;;E:\briup\item\eclipse;;."/>
    <property name="java.specification.name" value="Java Platform API Specification"/>
    <property name="java.class.version" value="52.0"/>
    <property name="sun.management.compiler" value="HotSpot 64-Bit Tiered Compilers"/>
    <property name="os.version" value="10.0"/>
    <property name="user.home" value="C:\Users\雷旭"/>
    <property name="user.timezone" value="Asia/Shanghai"/>
    <property name="java.awt.printerjob" value="sun.awt.windows.WPrinterJob"/>
    <property name="java.specification.version" value="1.8"/>
    <property name="file.encoding" value="UTF-8"/>
    <property name="user.name" value="雷旭"/>
    <property name="java.class.path" value="E:\briup\item\apache-maven-3.3.9\boot\plexus-classworlds-2.5.2.jar"/>
    <property name="java.vm.specification.version" value="1.8"/>
    <property name="sun.arch.data.model" value="64"/>
    <property name="java.home" value="E:\briup\2_java_1.8_172\jre"/>
    <property name="sun.java.command" value="org.codehaus.plexus.classworlds.launcher.Launcher -B -gs E:\briup\item\apache-maven-3.3.9\conf\settings.xml package"/>
    <property name="java.specification.vendor" value="Oracle Corporation"/>
    <property name="user.language" value="zh"/>
    <property name="awt.toolkit" value="sun.awt.windows.WToolkit"/>
    <property name="java.vm.info" value="mixed mode"/>
    <property name="java.version" value="1.8.0_172"/>
    <property name="java.ext.dirs" value="E:\briup\2_java_1.8_172\jre\lib\ext;C:\WINDOWS\Sun\Java\lib\ext"/>
    <property name="sun.boot.class.path" value="E:\briup\2_java_1.8_172\jre\lib\resources.jar;E:\briup\2_java_1.8_172\jre\lib\rt.jar;E:\briup\2_java_1.8_172\jre\lib\sunrsasign.jar;E:\briup\2_java_1.8_172\jre\lib\jsse.jar;E:\briup\2_java_1.8_172\jre\lib\jce.jar;E:\briup\2_java_1.8_172\jre\lib\charsets.jar;E:\briup\2_java_1.8_172\jre\lib\jfr.jar;E:\briup\2_java_1.8_172\jre\classes"/>
    <property name="java.vendor" value="Oracle Corporation"/>
    <property name="maven.home" value="E:\briup\item\apache-maven-3.3.9"/>
    <property name="file.separator" value="\"/>
    <property name="java.vendor.url.bug" value="http://bugreport.sun.com/bugreport/"/>
    <property name="sun.cpu.endian" value="little"/>
    <property name="sun.io.unicode.encoding" value="UnicodeLittle"/>
    <property name="sun.desktop" value="windows"/>
    <property name="sun.cpu.isalist" value="amd64"/>
  </properties>
  <testcase classname="com.briup.bigdata.search3.AppTest" name="testApp" time="0.003"/>
</testsuite>